<?xml version="1.0" encoding="UTF-8"?>
<testsuite name="Converact Fabric RustPBX SIPp acceptance" tests="10" failures="0" time="50.274" timestamp="2026-08-02T18:24:21.965Z">
  <testcase classname="converact.rustpbx.sipp" name="route-reject" time="0.718">
  </testcase>
  <testcase classname="converact.rustpbx.sipp" name="answer-udp" time="1.793">
  </testcase>
  <testcase classname="converact.rustpbx.sipp" name="early-cancel" time="1.760">
  </testcase>
  <testcase classname="converact.rustpbx.sipp" name="downstream-busy" time="1.474">
  </testcase>
  <testcase classname="converact.rustpbx.sipp" name="downstream-unavailable" time="1.429">
  </testcase>
  <testcase classname="converact.rustpbx.sipp" name="no-answer-timeout" time="31.616">
  </testcase>
  <testcase classname="converact.rustpbx.sipp" name="answer-tcp" time="2.451">
  </testcase>
  <testcase classname="converact.rustpbx.sipp" name="answer-tcp-reconnect" time="2.519">
  </testcase>
  <testcase classname="converact.rustpbx.sipp" name="udp-retransmission" time="2.705">
  </testcase>
  <testcase classname="converact.rustpbx.sipp" name="concurrent-udp-10" time="2.737">
  </testcase>
</testsuite>
